#
# There is insufficient memory for the Java Runtime Environment to continue.
# Native memory allocation (mmap) failed to map 98566144 bytes for G1 virtual space
# Possible reasons:
#   The system is out of physical RAM or swap space
#   The process is running with CompressedOops enabled, and the Java Heap may be blocking the growth of the native heap
# Possible solutions:
#   Reduce memory load on the system
#   Increase physical memory or swap space
#   Check if swap backing store is full
#   Decrease Java heap size (-Xmx/-Xms)
#   Decrease number of Java threads
#   Decrease Java thread stack sizes (-Xss)
#   Set larger code cache with -XX:ReservedCodeCacheSize=
#   JVM is running with Unscaled Compressed Oops mode in which the Java heap is
#     placed in the first 4GB address space. The Java Heap base address is the
#     maximum limit for the native heap growth. Please use -XX:HeapBaseMinAddress
#     to set the Java Heap base and to place the Java Heap above 4GB virtual address.
# This output file may be truncated or incomplete.
#
#  Out of Memory Error (os_windows.cpp:3613), pid=25728, tid=21904
#
# JRE version:  (17.0.9+9) (build )
# Java VM: OpenJDK 64-Bit Server VM (17.0.9+9, mixed mode, sharing, tiered, compressed oops, compressed class ptrs, g1 gc, windows-amd64)
# No core dump will be written. Minidumps are not enabled by default on client versions of Windows
#

---------------  S U M M A R Y ------------

Command Line: -Dfile.encoding=UTF-8 -Dstdout.encoding=UTF-8 -Dstderr.encoding=UTF-8 --module-path=C:\Program Files\sts-4.21.0.RELEASE\projetoFarmacia\bin -XX:+ShowCodeDetailsInExceptionMessages -Djdk.module.main=projetoFarmacia projetoFarmacia/produto.Menu

Host: AMD Ryzen 5 5500U with Radeon Graphics         , 12 cores, 5G,  Windows 11 , 64 bit Build 22621 (10.0.22621.3085)
Time: Sun Feb 25 21:06:11 2024 Hora oficial do Brasil elapsed time: 0.009944 seconds (0d 0h 0m 0s)

---------------  T H R E A D  ---------------

Current thread (0x000001a387006530):  JavaThread "Unknown thread" [_thread_in_vm, id=21904, stack(0x0000007728e00000,0x0000007728f00000)]

Stack: [0x0000007728e00000,0x0000007728f00000]
Native frames: (J=compiled Java code, j=interpreted, Vv=VM code, C=native code)
V  [jvm.dll+0x67cf49]
V  [jvm.dll+0x83478a]
V  [jvm.dll+0x83624e]
V  [jvm.dll+0x8368b3]
V  [jvm.dll+0x247f1f]
V  [jvm.dll+0x679d69]
V  [jvm.dll+0x66e6ba]
V  [jvm.dll+0x307e5b]
V  [jvm.dll+0x30f306]
V  [jvm.dll+0x35f0ce]
V  [jvm.dll+0x35f2ff]
V  [jvm.dll+0x2dea58]
V  [jvm.dll+0x2df9c4]
V  [jvm.dll+0x806031]
V  [jvm.dll+0x36cf31]
V  [jvm.dll+0x7e4aac]
V  [jvm.dll+0x3f07af]
V  [jvm.dll+0x3f23e1]
C  [jli.dll+0x528f]
C  [ucrtbase.dll+0x29363]
C  [KERNEL32.DLL+0x1257d]
C  [ntdll.dll+0x5aa58]


---------------  P R O C E S S  ---------------

Threads class SMR info:
_java_thread_list=0x00007ff88aadee98, length=0, elements={
}

Java Threads: ( => current thread )

Other Threads:
  0x000001a387052f70 GCTaskThread "GC Thread#0" [stack: 0x0000007728f00000,0x0000007729000000] [id=17904]
  0x000001a38705f910 ConcurrentGCThread "G1 Main Marker" [stack: 0x0000007729000000,0x0000007729100000] [id=7312]
  0x000001a3870609e0 ConcurrentGCThread "G1 Conc#0" [stack: 0x0000007729100000,0x0000007729200000] [id=23656]

[error occurred during error reporting (printing all threads), id 0xc0000005, EXCEPTION_ACCESS_VIOLATION (0xc0000005) at pc=0x00007ff88a29f497]

VM state: not at safepoint (not fully initialized)

VM Mutex/Monitor currently owned by a thread:  ([mutex/lock_event])
[0x000001a387001f40] Heap_lock - owner thread: 0x000001a387006530

Heap address: 0x00000000a2600000, size: 1498 MB, Compressed Oops mode: 32-bit

CDS archive(s) mapped at: [0x0000000000000000-0x0000000000000000-0x0000000000000000), size 0, SharedBaseAddress: 0x0000000800000000, ArchiveRelocationMode: 1.
Narrow klass base: 0x0000000000000000, Narrow klass shift: 0, Narrow klass range: 0x0

GC Precious Log:
<Empty>

Heap:
 garbage-first heap   total 0K, used 0K [0x00000000a2600000, 0x0000000100000000)
  region size 1024K, 0 young (0K), 0 survivors (0K)

[error occurred during error reporting (printing heap information), id 0xc0000005, EXCEPTION_ACCESS_VIOLATION (0xc0000005) at pc=0x00007ff88a686c79]

GC Heap History (0 events):
No events

Dll operation events (1 events):
Event: 0.006 Loaded shared library C:\Program Files\sts-4.21.0.RELEASE\plugins\org.eclipse.justj.openjdk.hotspot.jre.full.win32.x86_64_17.0.9.v20231028-0858\jre\bin\java.dll

Deoptimization events (0 events):
No events

Classes unloaded (0 events):
No events

Classes redefined (0 events):
No events

Internal exceptions (0 events):
No events

VM Operations (0 events):
No events

Events (0 events):
No events


Dynamic libraries:
0x00007ff745400000 - 0x00007ff74540e000 	C:\Program Files\sts-4.21.0.RELEASE\plugins\org.eclipse.justj.openjdk.hotspot.jre.full.win32.x86_64_17.0.9.v20231028-0858\jre\bin\javaw.exe
0x00007ff982f10000 - 0x00007ff983127000 	C:\Windows\SYSTEM32\ntdll.dll
0x00007ff9815c0000 - 0x00007ff981684000 	C:\Windows\System32\KERNEL32.DLL
0x00007ff980250000 - 0x00007ff9805f6000 	C:\Windows\System32\KERNELBASE.dll
0x00007ff97d600000 - 0x00007ff97d697000 	C:\Windows\SYSTEM32\apphelp.dll
0x00007ff980720000 - 0x00007ff980831000 	C:\Windows\System32\ucrtbase.dll
0x00007ff93f800000 - 0x00007ff93f817000 	C:\Program Files\sts-4.21.0.RELEASE\plugins\org.eclipse.justj.openjdk.hotspot.jre.full.win32.x86_64_17.0.9.v20231028-0858\jre\bin\jli.dll
0x00007ff93f820000 - 0x00007ff93f83b000 	C:\Program Files\sts-4.21.0.RELEASE\plugins\org.eclipse.justj.openjdk.hotspot.jre.full.win32.x86_64_17.0.9.v20231028-0858\jre\bin\VCRUNTIME140.dll
0x00007ff980e50000 - 0x00007ff980ffe000 	C:\Windows\System32\USER32.dll
0x00007ff980a20000 - 0x00007ff980a46000 	C:\Windows\System32\win32u.dll
0x00007ff95c670000 - 0x00007ff95c903000 	C:\Windows\WinSxS\amd64_microsoft.windows.common-controls_6595b64144ccf1df_6.0.22621.2506_none_270c5ae97388e100\COMCTL32.dll
0x00007ff982bf0000 - 0x00007ff982c19000 	C:\Windows\System32\GDI32.dll
0x00007ff982e20000 - 0x00007ff982ec7000 	C:\Windows\System32\msvcrt.dll
0x00007ff980600000 - 0x00007ff980718000 	C:\Windows\System32\gdi32full.dll
0x00007ff9808c0000 - 0x00007ff98095a000 	C:\Windows\System32\msvcp_win.dll
0x00007ff980d30000 - 0x00007ff980d61000 	C:\Windows\System32\IMM32.DLL
0x00007ff958a30000 - 0x00007ff958a3c000 	C:\Program Files\sts-4.21.0.RELEASE\plugins\org.eclipse.justj.openjdk.hotspot.jre.full.win32.x86_64_17.0.9.v20231028-0858\jre\bin\vcruntime140_1.dll
0x00007ff922f90000 - 0x00007ff92301d000 	C:\Program Files\sts-4.21.0.RELEASE\plugins\org.eclipse.justj.openjdk.hotspot.jre.full.win32.x86_64_17.0.9.v20231028-0858\jre\bin\msvcp140.dll
0x00007ff889fb0000 - 0x00007ff88ac11000 	C:\Program Files\sts-4.21.0.RELEASE\plugins\org.eclipse.justj.openjdk.hotspot.jre.full.win32.x86_64_17.0.9.v20231028-0858\jre\bin\server\jvm.dll
0x00007ff9816f0000 - 0x00007ff9817a3000 	C:\Windows\System32\ADVAPI32.dll
0x00007ff981000000 - 0x00007ff9810a8000 	C:\Windows\System32\sechost.dll
0x00007ff980a50000 - 0x00007ff980a78000 	C:\Windows\System32\bcrypt.dll
0x00007ff9812b0000 - 0x00007ff9813c7000 	C:\Windows\System32\RPCRT4.dll
0x00007ff978880000 - 0x00007ff9788b4000 	C:\Windows\SYSTEM32\WINMM.dll
0x00007ff97fea0000 - 0x00007ff97feed000 	C:\Windows\SYSTEM32\POWRPROF.dll
0x00007ff9763f0000 - 0x00007ff9763fa000 	C:\Windows\SYSTEM32\VERSION.dll
0x00007ff968f60000 - 0x00007ff968f69000 	C:\Windows\SYSTEM32\WSOCK32.dll
0x00007ff982c20000 - 0x00007ff982c91000 	C:\Windows\System32\WS2_32.dll
0x00007ff97fca0000 - 0x00007ff97fcb3000 	C:\Windows\SYSTEM32\UMPDC.dll
0x00007ff97f290000 - 0x00007ff97f2a8000 	C:\Windows\SYSTEM32\kernel.appcore.dll
0x00007ff96b5a0000 - 0x00007ff96b5aa000 	C:\Program Files\sts-4.21.0.RELEASE\plugins\org.eclipse.justj.openjdk.hotspot.jre.full.win32.x86_64_17.0.9.v20231028-0858\jre\bin\jimage.dll
0x00007ff9771c0000 - 0x00007ff9773f3000 	C:\Windows\SYSTEM32\DBGHELP.DLL
0x00007ff981920000 - 0x00007ff981ca9000 	C:\Windows\System32\combase.dll
0x00007ff980d70000 - 0x00007ff980e47000 	C:\Windows\System32\OLEAUT32.dll
0x00007ff96e080000 - 0x00007ff96e0b2000 	C:\Windows\SYSTEM32\dbgcore.DLL
0x00007ff980840000 - 0x00007ff9808ba000 	C:\Windows\System32\bcryptPrimitives.dll
0x00007ff96abf0000 - 0x00007ff96ac15000 	C:\Program Files\sts-4.21.0.RELEASE\plugins\org.eclipse.justj.openjdk.hotspot.jre.full.win32.x86_64_17.0.9.v20231028-0858\jre\bin\java.dll

dbghelp: loaded successfully - version: 4.0.5 - missing functions: none
symbol engine: initialized successfully - sym options: 0x614 - pdb path: .;C:\Program Files\sts-4.21.0.RELEASE\plugins\org.eclipse.justj.openjdk.hotspot.jre.full.win32.x86_64_17.0.9.v20231028-0858\jre\bin;C:\Windows\SYSTEM32;C:\Windows\WinSxS\amd64_microsoft.windows.common-controls_6595b64144ccf1df_6.0.22621.2506_none_270c5ae97388e100;C:\Program Files\sts-4.21.0.RELEASE\plugins\org.eclipse.justj.openjdk.hotspot.jre.full.win32.x86_64_17.0.9.v20231028-0858\jre\bin\server

VM Arguments:
jvm_args: -Dfile.encoding=UTF-8 -Dstdout.encoding=UTF-8 -Dstderr.encoding=UTF-8 --module-path=C:\Program Files\sts-4.21.0.RELEASE\projetoFarmacia\bin -XX:+ShowCodeDetailsInExceptionMessages -Djdk.module.main=projetoFarmacia 
java_command: projetoFarmacia/produto.Menu
java_class_path (initial): <not set>
Launcher Type: SUN_STANDARD

[Global flags]
     intx CICompilerCount                          = 4                                         {product} {ergonomic}
     uint ConcGCThreads                            = 3                                         {product} {ergonomic}
     uint G1ConcRefinementThreads                  = 10                                        {product} {ergonomic}
   size_t G1HeapRegionSize                         = 1048576                                   {product} {ergonomic}
    uintx GCDrainStackTargetSize                   = 64                                        {product} {ergonomic}
   size_t InitialHeapSize                          = 98566144                                  {product} {ergonomic}
   size_t MarkStackSize                            = 4194304                                   {product} {ergonomic}
   size_t MaxHeapSize                              = 1570766848                                {product} {ergonomic}
   size_t MinHeapDeltaBytes                        = 1048576                                   {product} {ergonomic}
   size_t MinHeapSize                              = 8388608                                   {product} {ergonomic}
    uintx NonNMethodCodeHeapSize                   = 5839372                                {pd product} {ergonomic}
    uintx NonProfiledCodeHeapSize                  = 122909434                              {pd product} {ergonomic}
    uintx ProfiledCodeHeapSize                     = 122909434                              {pd product} {ergonomic}
    uintx ReservedCodeCacheSize                    = 251658240                              {pd product} {ergonomic}
     bool SegmentedCodeCache                       = true                                      {product} {ergonomic}
     bool ShowCodeDetailsInExceptionMessages       = true                                   {manageable} {command line}
   size_t SoftMaxHeapSize                          = 1570766848                             {manageable} {ergonomic}
     bool UseCompressedClassPointers               = true                           {product lp64_product} {ergonomic}
     bool UseCompressedOops                        = true                           {product lp64_product} {ergonomic}
     bool UseG1GC                                  = true                                      {product} {ergonomic}
     bool UseLargePagesIndividualAllocation        = false                                  {pd product} {ergonomic}

Logging:
Log output configuration:
 #0: stdout all=warning uptime,level,tags
 #1: stderr all=off uptime,level,tags

Environment Variables:
JAVA_HOME=C:\Program Files\Java\jdk-17.0.10
PATH=C:/Program Files/sts-4.21.0.RELEASE//plugins/org.eclipse.justj.openjdk.hotspot.jre.full.win32.x86_64_17.0.9.v20231028-0858/jre/bin/server;C:/Program Files/sts-4.21.0.RELEASE//plugins/org.eclipse.justj.openjdk.hotspot.jre.full.win32.x86_64_17.0.9.v20231028-0858/jre/bin;C:\Program Files\Common Files\Oracle\Java\javapath;C:\Program Files (x86)\Common Files\Oracle\Java\javapath;C:\Windows\system32;C:\Windows;C:\Windows\System32\Wbem;C:\Windows\System32\WindowsPowerShell\v1.0\;C:\Windows\System32\OpenSSH\;C:\Program Files\Microsoft SQL Server\150\Tools\Binn\;C:\Program Files\Microsoft SQL Server\Client SDK\ODBC\170\Tools\Binn\;C:\Program Files\dotnet\;C:\MinGW\bin;C:\Program Files (x86)\Microsoft SQL Server\160\Tools\Binn\;C:\Program Files\Microsoft SQL Server\160\Tools\Binn\;C:\Program Files\Microsoft SQL Server\160\DTS\Binn\;C:\Program Files (x86)\Microsoft SQL Server\160\DTS\Binn\;C:\Program Files\Azure Data Studio\bin;C:\Program Files\Java\jdk-17.0.10;C:\Program Files\nodejs\;C:\Program Files\Git\cmd;C:\ProgramData\UNIVALI\Portugol Studio;C:\Users\laris\AppData\Local\Programs\Python\Python312\Scripts\;C:\Users\laris\AppData\Local\Programs\Python\Python312\;C:\Users\laris\AppData\Local\Microsoft\WindowsApps;;C:\Users\laris\AppData\Local\Programs\Microsoft VS Code\bin;C:\Users\laris\AppData\Roaming\npm;C:\Program Files\sts-4.21.0.RELEASE;
USERNAME=laris
OS=Windows_NT
PROCESSOR_IDENTIFIER=AMD64 Family 23 Model 104 Stepping 1, AuthenticAMD
TMP=C:\Users\laris\AppData\Local\Temp
TEMP=C:\Users\laris\AppData\Local\Temp



Periodic native trim disabled


---------------  S Y S T E M  ---------------

OS:
 Windows 11 , 64 bit Build 22621 (10.0.22621.3085)
OS uptime: 1 days 6:38 hours

CPU: total 12 (initial active 12) (12 cores per cpu, 2 threads per core) family 23 model 104 stepping 1 microcode 0x0, cx8, cmov, fxsr, ht, mmx, 3dnowpref, sse, sse2, sse3, ssse3, sse4a, sse4.1, sse4.2, popcnt, lzcnt, tsc, tscinvbit, avx, avx2, aes, clmul, bmi1, bmi2, adx, sha, fma, vzeroupper, clflush, clflushopt
Processor Information for processor 0
  Max Mhz: 2100, Current Mhz: 1988, Mhz Limit: 2100
Processor Information for processor 1
  Max Mhz: 2100, Current Mhz: 1988, Mhz Limit: 2100
Processor Information for processor 2
  Max Mhz: 2100, Current Mhz: 2100, Mhz Limit: 2100
Processor Information for processor 3
  Max Mhz: 2100, Current Mhz: 2100, Mhz Limit: 2100
Processor Information for processor 4
  Max Mhz: 2100, Current Mhz: 1988, Mhz Limit: 2100
Processor Information for processor 5
  Max Mhz: 2100, Current Mhz: 2100, Mhz Limit: 2100
Processor Information for processor 6
  Max Mhz: 2100, Current Mhz: 2100, Mhz Limit: 2100
Processor Information for processor 7
  Max Mhz: 2100, Current Mhz: 2100, Mhz Limit: 2100
Processor Information for processor 8
  Max Mhz: 2100, Current Mhz: 1988, Mhz Limit: 2100
Processor Information for processor 9
  Max Mhz: 2100, Current Mhz: 1988, Mhz Limit: 2100
Processor Information for processor 10
  Max Mhz: 2100, Current Mhz: 2100, Mhz Limit: 2100
Processor Information for processor 11
  Max Mhz: 2100, Current Mhz: 2100, Mhz Limit: 2100

Memory: 4k page, system-wide physical 5989M (487M free)
TotalPageFile size 24421M (AvailPageFile size 17M)
current process WorkingSet (physical memory assigned to process): 11M, peak: 11M
current process commit charge ("private bytes"): 64M, peak: 158M

vm_info: OpenJDK 64-Bit Server VM (17.0.9+9) for windows-amd64 JRE (17.0.9+9), built on Oct 26 2023 14:01:42 by "admin" with MS VC++ 16.10 / 16.11 (VS2019)

END.
